The following packages should be updated for best compatibility with the installed expo version:
  @types/react@19.2.15 - expected version: ~19.1.10
  typescript@6.0.3 - expected version: ~5.9.2
Your project may not work correctly until you install the expected versions of the packages.
C:\Users\Max\Desktop\ReciclaPlus-main\frontend\node_modules\@expo\cli\build\src\utils\errors.js:130
    throw error;
    ^

Error: ENOENT: no such file or directory, watch 'C:\Users\Max\Desktop\ReciclaPlus-main\frontend\node_modules\@tybys\wasm-util\lib\mjs\wasi'
    at FSWatcher.<computed> (node:internal/fs/watchers:247:19)
    at Object.watch (node:fs:2551:36)
    at FallbackWatcher._watchdir (C:\Users\Max\Desktop\ReciclaPlus-main\frontend\node_modules\metro-file-map\src\watchers\FallbackWatcher.js:119:33)
    at C:\Users\Max\Desktop\ReciclaPlus-main\frontend\node_modules\metro-file-map\src\watchers\FallbackWatcher.js:219:22
    at Walker.<anonymous> (C:\Users\Max\Desktop\ReciclaPlus-main\frontend\node_modules\metro-file-map\src\watchers\FallbackWatcher.js:358:5)
    at Walker.emit (node:events:507:28)
    at C:\Users\Max\Desktop\ReciclaPlus-main\frontend\node_modules\walker\lib\walker.js:69:16
    at FSReqCallback.oncomplete (node:fs:189:23) {
  errno: -4058,
  syscall: 'watch',
  code: 'ENOENT',
  path: 'C:\\Users\\Max\\Desktop\\ReciclaPlus-main\\frontend\\node_modules\\@tybys\\wasm-util\\lib\\mjs\\wasi',
  filename: 'C:\\Users\\Max\\Desktop\\ReciclaPlus-main\\frontend\\node_modules\\@tybys\\wasm-util\\lib\\mjs\\wasi'
}

Node.js v23.11.0
